********************************************************************************
DUPLICATOR-LITE PACKAGE-LOG: February 11, 2022 5:08 pm
NOTICE: Do NOT post to public sites or forums 
********************************************************************************
VERSION:	1.4.4
WORDPRESS:	5.9
PHP INFO:	7.4.21 | SAPI: apache2handler
SERVER:		Apache/2.4.46 (Unix) OpenSSL/1.0.2u PHP/7.4.21 mod_wsgi/3.5 Python/2.7.13 mod_fastcgi/mod_fastcgi-SNAP-0910052141 mod_perl/2.0.11 Perl/v5.30.1 
PHP TIME LIMIT: (0) no time limit imposed 
PHP MAX MEMORY: 4294967296 (128M default) 
MEMORY STACK: 10MB

********************************************************************************
DATABASE:
********************************************************************************
BUILD MODE:   PHP(query limit - 100)
MYSQLTIMEOUT: 5000
MYSQLDUMP:    Not Supported
TABLES: total:18 | filtered:0 | create:18
FILTERED: []
SQL CREATED: 20220211_growthmpma_a10346679ec474f57290_20220211170744_database.sql
SQL FILE SIZE: 7.18MB (7523989)
SQL FILE TIME: 2022-02-11 17:08:18
SQL RUNTIME: 1.32 sec.

********************************************************************************
ARCHIVE (ZIP):
********************************************************************************
ARCHIVE DIR:  /Applications/MAMP/htdocs/wordpress
ARCHIVE FILE: 20220211_growthmpma_a10346679ec474f57290_20220211170744_archive.zip
FILTERS: *OFF*
DIRS:
	not set
FILES:
	not set
EXTS:  not set
----------------------------------------
COMPRESSING
SIZE:	176.74MB
STATS:	Dirs 1,755 | Files 8,735
SQL ADDED: 20220211_growthmpma_a10346679ec474f57290_20220211170744_database.sql
ZipArchive Object
(
    [status] => 0
    [statusSys] => 0
    [numFiles] => 10490
    [filename] => /Applications/MAMP/htdocs/wordpress/wp-content/backups-dup-lite/tmp/20220211_growthmpma_a10346679ec474f57290_20220211170744_archive.zip
    [comment] => 
)

FILE ADDED TO ZIP: 10489
COMPRESSION RESULT: '1'
COMPRESSED SIZE: 59.53MB
ARCHIVE RUNTIME: 41.90 sec.
MEMORY STACK: 14MB
building installer
add_extra_files1
add_extra_files2
add_extra_files3
add_extra_files4
Doing archive file check
add_extra_files5
add_extra_files6
add_extra_files8
Successfully opened zip /Applications/MAMP/htdocs/wordpress/wp-content/backups-dup-lite/tmp/20220211_growthmpma_a10346679ec474f57290_20220211170744_archive.zip
Adding enhanced installer files to archive using ZipArchive
Installer files added to archive
Added to archive
After ziparchive close when adding installer

********************************************************************************
INTEGRITY CHECKS:
********************************************************************************
SQL FILE: 7.18MB
INSTALLER FILE: 64.59KB
ARCHIVE FILE: 60.59MB 
EXPECTED FILE/DIRECTORY COUNT: 10,490
ACTUAL FILE/DIRECTORY COUNT: 10,489
ARCHIVE CONSISTENCY TEST: Pass

********************************************************************************
RECORD ID:[1]
TOTAL PROCESS RUNTIME: 47.80 sec.
PEAK PHP MEMORY USED: 22MB
DONE PROCESSING => 20220211_growthmpma February 11, 2022 5:09 pm

